13:42:57.072 logback [main] INFO  com.shop.cn.ShopApplication - Starting ShopApplication on DESKTOP-E6ABEM7 with PID 5700 (D:\maven\shop\target\classes started by 86183 in D:\maven\shop)
13:42:57.100 logback [main] INFO  com.shop.cn.ShopApplication - No active profile set, falling back to default profiles: default
13:43:01.477 logback [main] INFO  o.s.d.r.c.RepositoryConfigurationDelegate - Multiple Spring Data modules found, entering strict repository configuration mode!
13:43:01.487 logback [main] INFO  o.s.d.r.c.RepositoryConfigurationDelegate - Bootstrapping Spring Data JPA repositories in DEFAULT mode.
13:43:01.675 logback [main] INFO  o.s.d.r.c.RepositoryConfigurationDelegate - Finished Spring Data repository scanning in 136ms. Found 0 JPA repository interfaces.
13:43:01.763 logback [main] INFO  o.s.d.r.c.RepositoryConfigurationDelegate - Multiple Spring Data modules found, entering strict repository configuration mode!
13:43:01.769 logback [main] INFO  o.s.d.r.c.RepositoryConfigurationDelegate - Bootstrapping Spring Data Redis repositories in DEFAULT mode.
13:43:01.846 logback [main] INFO  o.s.d.r.c.RepositoryConfigurationDelegate - Finished Spring Data repository scanning in 39ms. Found 0 Redis repository interfaces.
13:43:05.003 logback [main] INFO  o.s.c.s.PostProcessorRegistrationDelegate$BeanPostProcessorChecker - Bean 'org.springframework.transaction.annotation.ProxyTransactionManagementConfiguration' of type [org.springframework.transaction.annotation.ProxyTransactionManagementConfiguration$$EnhancerBySpringCGLIB$$1a289b2e] is not eligible for getting processed by all BeanPostProcessors (for example: not eligible for auto-proxying)
13:43:05.247 logback [main] INFO  o.s.c.s.PostProcessorRegistrationDelegate$BeanPostProcessorChecker - Bean 'shiroConfig' of type [com.shop.cn.shiroConfig.ShiroConfig$$EnhancerBySpringCGLIB$$ac571f33] is not eligible for getting processed by all BeanPostProcessors (for example: not eligible for auto-proxying)
13:43:05.515 logback [main] INFO  o.s.c.s.PostProcessorRegistrationDelegate$BeanPostProcessorChecker - Bean 'mybatis-plus-com.baomidou.mybatisplus.autoconfigure.MybatisPlusProperties' of type [com.baomidou.mybatisplus.autoconfigure.MybatisPlusProperties] is not eligible for getting processed by all BeanPostProcessors (for example: not eligible for auto-proxying)
13:43:05.539 logback [main] INFO  o.s.c.s.PostProcessorRegistrationDelegate$BeanPostProcessorChecker - Bean 'myBatisConfig' of type [com.shop.cn.common.config.MyBatisConfig$$EnhancerBySpringCGLIB$$8bae7f47] is not eligible for getting processed by all BeanPostProcessors (for example: not eligible for auto-proxying)
13:43:05.578 logback [main] INFO  o.s.c.s.PostProcessorRegistrationDelegate$BeanPostProcessorChecker - Bean 'paginationInterceptor' of type [com.baomidou.mybatisplus.extension.plugins.PaginationInterceptor] is not eligible for getting processed by all BeanPostProcessors (for example: not eligible for auto-proxying)
13:43:05.613 logback [main] INFO  o.s.c.s.PostProcessorRegistrationDelegate$BeanPostProcessorChecker - Bean 'com.baomidou.mybatisplus.autoconfigure.MybatisPlusAutoConfiguration' of type [com.baomidou.mybatisplus.autoconfigure.MybatisPlusAutoConfiguration$$EnhancerBySpringCGLIB$$57f107c8] is not eligible for getting processed by all BeanPostProcessors (for example: not eligible for auto-proxying)
13:43:05.622 logback [main] INFO  o.s.c.s.PostProcessorRegistrationDelegate$BeanPostProcessorChecker - Bean 'com.alibaba.druid.spring.boot.autoconfigure.DruidDataSourceAutoConfigure' of type [com.alibaba.druid.spring.boot.autoconfigure.DruidDataSourceAutoConfigure$$EnhancerBySpringCGLIB$$33d490a0] is not eligible for getting processed by all BeanPostProcessors (for example: not eligible for auto-proxying)
13:43:05.636 logback [main] INFO  c.a.d.s.b.a.DruidDataSourceAutoConfigure - Init DruidDataSource
13:43:05.916 logback [main] INFO  o.s.c.s.PostProcessorRegistrationDelegate$BeanPostProcessorChecker - Bean 'spring.datasource-org.springframework.boot.autoconfigure.jdbc.DataSourceProperties' of type [org.springframework.boot.autoconfigure.jdbc.DataSourceProperties] is not eligible for getting processed by all BeanPostProcessors (for example: not eligible for auto-proxying)
13:43:06.246 logback [main] INFO  c.alibaba.druid.pool.DruidDataSource - {dataSource-1} inited
13:43:06.246 logback [main] INFO  o.s.c.s.PostProcessorRegistrationDelegate$BeanPostProcessorChecker - Bean 'dataSource' of type [com.alibaba.druid.spring.boot.autoconfigure.DruidDataSourceWrapper] is not eligible for getting processed by all BeanPostProcessors (for example: not eligible for auto-proxying)
13:43:06.315 logback [main] INFO  o.s.c.s.PostProcessorRegistrationDelegate$BeanPostProcessorChecker - Bean 'org.springframework.boot.autoconfigure.jdbc.DataSourceInitializerInvoker' of type [org.springframework.boot.autoconfigure.jdbc.DataSourceInitializerInvoker] is not eligible for getting processed by all BeanPostProcessors (for example: not eligible for auto-proxying)
13:43:07.430 logback [main] INFO  o.s.c.s.PostProcessorRegistrationDelegate$BeanPostProcessorChecker - Bean 'sqlSessionFactory' of type [org.apache.ibatis.session.defaults.DefaultSqlSessionFactory] is not eligible for getting processed by all BeanPostProcessors (for example: not eligible for auto-proxying)
13:43:07.479 logback [main] INFO  o.s.c.s.PostProcessorRegistrationDelegate$BeanPostProcessorChecker - Bean 'sqlSessionTemplate' of type [org.mybatis.spring.SqlSessionTemplate] is not eligible for getting processed by all BeanPostProcessors (for example: not eligible for auto-proxying)
13:43:07.485 logback [main] INFO  o.s.c.s.PostProcessorRegistrationDelegate$BeanPostProcessorChecker - Bean 'loginDao' of type [org.mybatis.spring.mapper.MapperFactoryBean] is not eligible for getting processed by all BeanPostProcessors (for example: not eligible for auto-proxying)
13:43:07.501 logback [main] INFO  o.s.c.s.PostProcessorRegistrationDelegate$BeanPostProcessorChecker - Bean 'loginDao' of type [com.sun.proxy.$Proxy84] is not eligible for getting processed by all BeanPostProcessors (for example: not eligible for auto-proxying)
13:43:07.542 logback [main] INFO  o.s.c.s.PostProcessorRegistrationDelegate$BeanPostProcessorChecker - Bean 'loginServiceImp' of type [com.shop.cn.common.service.impl.LoginServiceImp] is not eligible for getting processed by all BeanPostProcessors (for example: not eligible for auto-proxying)
13:43:07.630 logback [main] INFO  o.s.c.s.PostProcessorRegistrationDelegate$BeanPostProcessorChecker - Bean 'UserRealm' of type [com.shop.cn.shiroConfig.UserRealm] is not eligible for getting processed by all BeanPostProcessors (for example: not eligible for auto-proxying)
13:43:07.825 logback [main] INFO  o.s.c.s.PostProcessorRegistrationDelegate$BeanPostProcessorChecker - Bean 'securityManager' of type [org.apache.shiro.web.mgt.DefaultWebSecurityManager] is not eligible for getting processed by all BeanPostProcessors (for example: not eligible for auto-proxying)
13:43:09.361 logback [main] INFO  o.s.b.w.e.tomcat.TomcatWebServer - Tomcat initialized with port(s): 8080 (http)
13:43:09.431 logback [main] INFO  o.a.coyote.http11.Http11NioProtocol - Initializing ProtocolHandler ["http-nio-8080"]
13:43:09.470 logback [main] INFO  o.a.catalina.core.StandardService - Starting service [Tomcat]
13:43:09.471 logback [main] INFO  o.a.catalina.core.StandardEngine - Starting Servlet engine: [Apache Tomcat/9.0.29]
13:43:10.087 logback [main] INFO  o.a.c.c.C.[Tomcat].[localhost].[/] - Initializing Spring embedded WebApplicationContext
13:43:10.087 logback [main] INFO  o.s.web.context.ContextLoader - Root WebApplicationContext: initialization completed in 12672 ms
13:43:11.604 logback [main] INFO  o.h.jpa.internal.util.LogHelper - HHH000204: Processing PersistenceUnitInfo [
	name: default
	...]
13:43:12.020 logback [main] INFO  org.hibernate.Version - HHH000412: Hibernate Core {5.3.14.Final}
13:43:12.025 logback [main] INFO  org.hibernate.cfg.Environment - HHH000206: hibernate.properties not found
13:43:12.961 logback [main] INFO  o.h.annotations.common.Version - HCANN000001: Hibernate Commons Annotations {5.0.4.Final}
13:43:14.096 logback [main] INFO  org.hibernate.dialect.Dialect - HHH000400: Using dialect: org.hibernate.dialect.MySQL5Dialect
13:43:15.016 logback [main] INFO  o.s.o.j.LocalContainerEntityManagerFactoryBean - Initialized JPA EntityManagerFactory for persistence unit 'default'
13:43:17.608 logback [main] WARN  o.s.b.a.o.j.JpaBaseConfiguration$JpaWebConfiguration$JpaWebMvcConfiguration - spring.jpa.open-in-view is enabled by default. Therefore, database queries may be performed during view rendering. Explicitly configure spring.jpa.open-in-view to disable this warning
13:43:21.658 logback [main] INFO  s.d.s.w.PropertySourcedRequestMappingHandlerMapping - Mapped URL path [/v2/api-docs] onto method [public org.springframework.http.ResponseEntity<springfox.documentation.spring.web.json.Json> springfox.documentation.swagger2.web.Swagger2Controller.getDocumentation(java.lang.String,javax.servlet.http.HttpServletRequest)]
13:43:23.488 logback [main] INFO  s.d.s.w.p.DocumentationPluginsBootstrapper - Context refreshed
13:43:23.581 logback [main] INFO  s.d.s.w.p.DocumentationPluginsBootstrapper - Found 1 custom documentation plugin(s)
13:43:23.701 logback [main] INFO  s.d.s.w.s.ApiListingReferenceScanner - Scanning for api listing references
13:43:24.560 logback [main] INFO  s.d.s.w.r.o.CachingOperationNameGenerator - Generating unique operation named: cartUsingGET_1
13:43:25.123 logback [main] INFO  o.a.coyote.http11.Http11NioProtocol - Starting ProtocolHandler ["http-nio-8080"]
13:43:25.213 logback [main] INFO  o.s.b.w.e.tomcat.TomcatWebServer - Tomcat started on port(s): 8080 (http) with context path ''
13:43:25.224 logback [main] INFO  com.shop.cn.ShopApplication - Started ShopApplication in 30.601 seconds (JVM running for 47.509)
13:43:34.260 logback [http-nio-8080-exec-1] INFO  o.a.c.c.C.[Tomcat].[localhost].[/] - Initializing Spring DispatcherServlet 'dispatcherServlet'
13:43:34.260 logback [http-nio-8080-exec-1] INFO  o.s.web.servlet.DispatcherServlet - Initializing Servlet 'dispatcherServlet'
13:43:34.284 logback [http-nio-8080-exec-1] INFO  o.s.web.servlet.DispatcherServlet - Completed initialization in 24 ms
